Configuration on demand is an incubating feature.
Calculating task graph as no configuration cache is available for tasks: assembleDebug
./gradlew.bat : 
At line:1 char:1
+ ./gradlew.bat assembleDebug > 
build_output.log 2>&1
+ ~~~~~~~~~~~~~~~~~~~~~~~~~~~~~~~~~~~~~~~~~~~~~
~~~~~~
    + CategoryInfo          : NotSpecified: (: 
   String) [], RemoteException
    + FullyQualifiedErrorId : NativeCommandErr 
   or
 
FAILURE: Build failed with an exception.

* Where:
Build file 'C:\Users\hjbhg\OneDrive\Desktop\pro
jects\Dart\android_projects\health-assistant\bu
ild.gradle' line: 19

* What went wrong:
A problem occurred evaluating root project 
'Health Assistant'.
> Build was configured to prefer settings 
repositories over project repositories but 
repository 'Google' was added by build file 
'build.gradle'

* Try:
> Run with --stacktrace option to get the 
stack trace.
> Run with --info or --debug option to get 
more log output.
> Run with --scan to get full insights.
> Get more help at https://help.gradle.org.

BUILD FAILED in 4s
Configuration cache entry stored.
