Configuration on demand is an incubating feature.
Calculating task graph as no configuration cache is available for tasks: assembleDebug
This version only understands SDK XML versions up to 3 but an SDK XML file of version 4 was encountered. This can happen if you use versions of Android Studio and the command-line tools that were released at different times.
package.xml parsing problem. unexpected element (uri:"", local:"abis"). Expected elements are <{}vendor>,<{}codename>,<{}base-extension>,<{}abi>,<{}api-level>,<{}extension-level>,<{}tag>
package.xml parsing problem. unexpected element (uri:"", local:"translatedAbis"). Expected elements are <{}vendor>,<{}codename>,<{}base-extension>,<{}abi>,<{}api-level>,<{}extension-level>,<{}tag>
package.xml parsing problem. unexpected element (uri:"", local:"abis"). Expected elements are <{}vendor>,<{}codename>,<{}base-extension>,<{}abi>,<{}api-level>,<{}extension-level>,<{}tag>
package.xml parsing problem. unexpected element (uri:"", local:"translatedAbis"). Expected elements are <{}vendor>,<{}codename>,<{}base-extension>,<{}abi>,<{}api-level>,<{}extension-level>,<{}tag>
package.xml parsing problem. unexpected element (uri:"", local:"abis"). Expected elements are <{}vendor>,<{}codename>,<{}base-extension>,<{}abi>,<{}api-level>,<{}extension-level>,<{}tag>
package.xml parsing problem. unexpected element (uri:"", local:"translatedAbis"). Expected elements are <{}vendor>,<{}codename>,<{}base-extension>,<{}abi>,<{}api-level>,<{}extension-level>,<{}tag>
package.xml parsing problem. unexpected element (uri:"", local:"abis"). Expected elements are <{}vendor>,<{}codename>,<{}base-extension>,<{}abi>,<{}api-level>,<{}extension-level>,<{}tag>
package.xml parsing problem. unexpected element (uri:"", local:"translatedAbis"). Expected elements are <{}vendor>,<{}codename>,<{}base-extension>,<{}abi>,<{}api-level>,<{}extension-level>,<{}tag>
package.xml parsing problem. unexpected element (uri:"", local:"abis"). Expected elements are <{}vendor>,<{}codename>,<{}base-extension>,<{}abi>,<{}api-level>,<{}extension-level>,<{}tag>
package.xml parsing problem. Errors limit exceeded. To receive all errors set com.sun.xml.bind logger to FINEST level.
package.xml parsing problem. unexpected element (uri:"", local:"translatedAbis"). Expected elements are <{}vendor>,<{}codename>,<{}base-extension>,<{}abi>,<{}api-level>,<{}extension-level>,<{}tag>
Checking the license for package Android SDK Build-Tools 34 in C:\Users\hjbhg\AppData\Local\Android\Sdk\licenses
License for package Android SDK Build-Tools 34 accepted.
Preparing "Install Android SDK Build-Tools 34 v.34.0.0".
"Install Android SDK Build-Tools 34 v.34.0.0" ready.
Installing Android SDK Build-Tools 34 in C:\Users\hjbhg\AppData\Local\Android\Sdk\build-tools\34.0.0
"Install Android SDK Build-Tools 34 v.34.0.0" complete.
"Install Android SDK Build-Tools 34 v.34.0.0" finished.
gradlew.bat : 
At line:1 char:1
+ & ./gradlew.bat assembleDebug 2>&1 | 
Out-File -Encoding utf8 build_ou ...
+ ~~~~~~~~~~~~~~~~~~~~~~~~~~~~~~~~~~
    + CategoryInfo          : NotSpecified: (: 
   String) [], RemoteException
    + FullyQualifiedErrorId : NativeCommandErr 
   or
 
FAILURE: Build failed with an exception.

* What went wrong:
Configuration cache state could not be cached: 
field `__librarySourceSets__` of task 
`:app:mapDebugSourceSetPaths` of type `com.andr
oid.build.gradle.tasks.MapSourceSetPathsTask`: 
error writing value of type 'org.gradle.api.int
ernal.file.collections.DefaultConfigurableFileC
ollection'
> Could not resolve all files for 
configuration ':app:debugRuntimeClasspath'.
   > Could not find 
com.google.mlkit:smart-reply:16.2.2.
     Searched in the following locations:
       - https://dl.google.com/dl/android/maven
2/com/google/mlkit/smart-reply/16.2.2/smart-rep
ly-16.2.2.pom
       - https://repo.maven.apache.org/maven2/c
om/google/mlkit/smart-reply/16.2.2/smart-reply-
16.2.2.pom
       - https://www.jitpack.io/com/google/mlki
t/smart-reply/16.2.2/smart-reply-16.2.2.pom
       - https://github.com/jitsi/jitsi-maven-r
epository/raw/master/releases/com/google/mlkit/
smart-reply/16.2.2/smart-reply-16.2.2.pom
     Required by:
         project :app
   > Could not find 
org.webrtc:google-webrtc:1.0.32006.
     Searched in the following locations:
       - https://dl.google.com/dl/android/maven
2/org/webrtc/google-webrtc/1.0.32006/google-web
rtc-1.0.32006.pom
       - https://repo.maven.apache.org/maven2/o
rg/webrtc/google-webrtc/1.0.32006/google-webrtc
-1.0.32006.pom
       - https://www.jitpack.io/org/webrtc/goog
le-webrtc/1.0.32006/google-webrtc-1.0.32006.pom
       - https://github.com/jitsi/jitsi-maven-r
epository/raw/master/releases/org/webrtc/google
-webrtc/1.0.32006/google-webrtc-1.0.32006.pom
     Required by:
         project :app

* Try:
> Run with --stacktrace option to get the 
stack trace.
> Run with --info or --debug option to get 
more log output.
> Run with --scan to get full insights.
> Get more help at https://help.gradle.org.

BUILD FAILED in 1m 30s
Configuration cache entry discarded due to serialization error.
