Starting a Gradle Daemon, 1 stopped Daemon could not be reused, use --status for details
Configuration on demand is an incubating feature.
Calculating task graph as configuration cache cannot be reused because file 'gradle.properties' has changed.
> Task :app:preBuild UP-TO-DATE
> Task :app:preDebugBuild UP-TO-DATE
> Task :app:mergeDebugNativeDebugMetadata NO-SOURCE
> Task :app:checkKotlinGradlePluginConfigurationErrors
> Task :app:generateDebugBuildConfig UP-TO-DATE
> Task :app:writeDebugAppMetadata UP-TO-DATE
> Task :app:validateSigningDebug UP-TO-DATE
> Task :app:generateDebugResValues UP-TO-DATE
> Task :app:createDebugCompatibleScreenManifests UP-TO-DATE
> Task :app:desugarDebugFileDependencies UP-TO-DATE
> Task :app:javaPreCompileDebug UP-TO-DATE
> Task :app:mergeDebugShaders UP-TO-DATE
> Task :app:mergeDebugJniLibFolders UP-TO-DATE
> Task :app:extractDeepLinksDebug UP-TO-DATE
> Task :app:writeDebugSigningConfigVersions UP-TO-DATE
> Task :app:generateDebugResources UP-TO-DATE
> Task :app:compileDebugShaders NO-SOURCE
> Task :app:packageDebugResources UP-TO-DATE
> Task :app:generateDebugAssets UP-TO-DATE
> Task :app:checkDebugDuplicateClasses UP-TO-DATE
> Task :app:mapDebugSourceSetPaths UP-TO-DATE
> Task :app:checkDebugAarMetadata UP-TO-DATE
> Task :app:processDebugNavigationResources UP-TO-DATE
> Task :app:mergeDebugAssets UP-TO-DATE
> Task :app:compileDebugNavigationResources UP-TO-DATE
> Task :app:compressDebugAssets UP-TO-DATE
> Task :app:parseDebugLocalResources UP-TO-DATE
> Task :app:mergeDebugNativeLibs UP-TO-DATE
> Task :app:mergeLibDexDebug
> Task :app:processDebugMainManifest
> Task :app:mergeDebugResources
> Task :app:mergeExtDexDebug
> Task :app:stripDebugDebugSymbols
> Task :app:processDebugMainManifest UP-TO-DATE
> Task :app:processDebugManifest UP-TO-DATE
> Task :app:processDebugManifestForPackage UP-TO-DATE

> Task :app:stripDebugDebugSymbols
Unable to strip the following libraries, packaging them as they are: libbutter.so, libc++_shared.so, libduktape.so, libfabricjni.so, libface_detector_v2_jni.so, libfb.so, libfbjni.so, libfolly_futures.so, libfolly_json.so, libgifimage.so, libglog.so, libglog_init.so, libhermes-executor-debug.so, libhermes-executor-release.so, libimagepipeline.so, libjingle_peerconnection_so.so, libjsc.so, libjscexecutor.so, libjsi.so, libjsijniprofiler.so, libjsinspector.so, liblanguage_id_l2c_jni.so, liblogger.so, libmapbufferjni.so, libnative-filters.so, libnative-imagetranscoder.so, libpredictor_jni.so, libreact_codegen_rncore.so, libreact_config.so, libreact_debug.so, libreact_nativemodule_core.so, libreact_render_animations.so, libreact_render_attributedstring.so, libreact_render_componentregistry.so, libreact_render_core.so, libreact_render_debug.so, libreact_render_graphics.so, libreact_render_imagemanager.so, libreact_render_leakchecker.so, libreact_render_mapbuffer.so, libreact_render_mounting.so, libreact_render_runtimescheduler.so, libreact_render_scheduler.so, libreact_render_telemetry.so, libreact_render_templateprocessor.so, libreact_render_textlayoutmanager.so, libreact_render_uimanager.so, libreact_utils.so, libreactnativeblob.so, libreactnativejni.so, libreactperfloggerjni.so, librrc_image.so, librrc_root.so, librrc_text.so, librrc_unimplementedview.so, librrc_view.so, libruntimeexecutor.so, libstatic-webp.so, libtensorflowlite_jni.so, libturbomodulejsijni.so, libyoga.so. Run with --info option to learn more.

> Task :app:processDebugResources
> Task :app:kaptGenerateStubsDebugKotlin
> Task :app:kaptDebugKotlin

> Task :app:compileDebugKotlin
w: file:///C:/Users/hjbhg/OneDrive/Desktop/projects/Dart/android_projects/health-assistant/app/src/main/java/com/healthassistant/export/HealthDataExporter.kt:286:23 Unnecessary safe call on a non-null receiver of type HealthMetrics?
w: file:///C:/Users/hjbhg/OneDrive/Desktop/projects/Dart/android_projects/health-assistant/app/src/main/java/com/healthassistant/export/HealthDataExporter.kt:382:53 Unnecessary safe call on a non-null receiver of type HealthMetrics?
w: file:///C:/Users/hjbhg/OneDrive/Desktop/projects/Dart/android_projects/health-assistant/app/src/main/java/com/healthassistant/viewmodels/TelehealthViewModel.kt:80:24 Parameter 'consultation' is never used
w: file:///C:/Users/hjbhg/OneDrive/Desktop/projects/Dart/android_projects/health-assistant/app/src/main/java/com/healthassistant/viewmodels/TelehealthViewModel.kt:80:52 Parameter 'userName' is never used
w: file:///C:/Users/hjbhg/OneDrive/Desktop/projects/Dart/android_projects/health-assistant/app/src/main/java/com/healthassistant/viewmodels/TelehealthViewModel.kt:94:24 Parameter 'consultation' is never used
w: file:///C:/Users/hjbhg/OneDrive/Desktop/projects/Dart/android_projects/health-assistant/app/src/main/java/com/healthassistant/viewmodels/TelehealthViewModel.kt:94:52 Parameter 'userName' is never used

> Task :app:compileDebugJavaWithJavac

> Task :app:hiltAggregateDepsDebug
WARNING: [Processor] Library 'C:\Users\hjbhg\.gradle\caches\8.13\transforms\2493545e135b65a8e6c1769bf2ab7511\transformed\jetified-exoplayer-ui-2.17.1-api.jar' contains references to both AndroidX and old support library. This seems like the library is partially migrated. Jetifier will try to rewrite the library anyway.
 Example of androidX reference: 'androidx/core/app/NotificationCompat$Builder'
 Example of support library reference: 'android/support/v4/media/session/MediaSessionCompat$Token'
WARNING: [Processor] Library 'C:\Users\hjbhg\.gradle\caches\8.13\transforms\0259c503178e3698dba658dd28476cf9\transformed\media-1.4.3-api.jar' contains references to both AndroidX and old support library. This seems like the library is partially migrated. Jetifier will try to rewrite the library anyway.
 Example of androidX reference: 'androidx/versionedparcelable/VersionedParcel'
 Example of support library reference: 'android/support/v4/media/AudioAttributesCompatParcelizer'
WARNING: [Processor] Library 'C:\Users\hjbhg\.gradle\caches\8.13\transforms\416b1dbb92933076e824d763cf4537f0\transformed\core-1.12.0-api.jar' contains references to both AndroidX and old support library. This seems like the library is partially migrated. Jetifier will try to rewrite the library anyway.
 Example of androidX reference: 'androidx/core/os/BuildCompat'
 Example of support library reference: 'android/support/v4/app/INotificationSideChannel$Default'

> Task :app:hiltJavaCompileDebug UP-TO-DATE
> Task :app:processDebugJavaRes
> Task :app:transformDebugClassesWithAsm
> Task :app:dexBuilderDebug
> Task :app:mergeProjectDexDebug
> Task :app:mergeDebugJavaResource
> Task :app:packageDebug
> Task :app:assembleDebug
> Task :app:createDebugApkListingFileRedirect

[Incubating] Problems report is available at: file:///C:/Users/hjbhg/OneDrive/Desktop/projects/Dart/android_projects/health-assistant/build/reports/problems/problems-report.html

Deprecated Gradle features were used in this build, making it incompatible with Gradle 9.0.

You can use '--warning-mode all' to show the individual deprecation warnings and determine if they come from your own scripts or plugins.

For more on this, please refer to https://docs.gradle.org/8.13/userguide/command_line_interface.html#sec:command_line_warnings in the Gradle documentation.

BUILD SUCCESSFUL in 3m 11s
44 actionable tasks: 18 executed, 26 up-to-date
Configuration cache entry stored.
