Starting a Gradle Daemon, 2 incompatible and 1 stopped Daemons could not be reused, use --status for details
Configuration on demand is an incubating feature.
Reusing configuration cache.
> Task :app:preBuild UP-TO-DATE
> Task :app:preDebugBuild UP-TO-DATE
> Task :app:mergeDebugNativeDebugMetadata NO-SOURCE
> Task :app:generateDebugResValues UP-TO-DATE
> Task :app:validateSigningDebug UP-TO-DATE
> Task :app:javaPreCompileDebug UP-TO-DATE
> Task :app:writeDebugAppMetadata UP-TO-DATE
> Task :app:createDebugCompatibleScreenManifests UP-TO-DATE
> Task :app:writeDebugSigningConfigVersions UP-TO-DATE
> Task :app:desugarDebugFileDependencies UP-TO-DATE
> Task :app:generateDebugResources UP-TO-DATE
> Task :app:mergeDebugJniLibFolders UP-TO-DATE
> Task :app:mergeDebugShaders UP-TO-DATE
> Task :app:extractDeepLinksDebug UP-TO-DATE
> Task :app:compileDebugShaders NO-SOURCE
> Task :app:generateDebugAssets UP-TO-DATE
> Task :app:packageDebugResources
> Task :app:checkDebugAarMetadata UP-TO-DATE
> Task :app:mergeDebugAssets UP-TO-DATE
> Task :app:checkDebugDuplicateClasses UP-TO-DATE
> Task :app:mapDebugSourceSetPaths
> Task :app:mergeLibDexDebug UP-TO-DATE
> Task :app:mergeDebugNativeLibs UP-TO-DATE
> Task :app:parseDebugLocalResources
> Task :app:processDebugMainManifest UP-TO-DATE
> Task :app:mergeExtDexDebug UP-TO-DATE
> Task :app:compressDebugAssets

> Task :app:stripDebugDebugSymbols
Unable to strip the following libraries, packaging them as they are: libbutter.so, libc++_shared.so, libduktape.so, libfabricjni.so, libface_detector_v2_jni.so, libfb.so, libfbjni.so, libfolly_futures.so, libfolly_json.so, libgifimage.so, libglog.so, libglog_init.so, libhermes-executor-debug.so, libhermes-executor-release.so, libimagepipeline.so, libjingle_peerconnection_so.so, libjsc.so, libjscexecutor.so, libjsi.so, libjsijniprofiler.so, libjsinspector.so, liblanguage_id_l2c_jni.so, liblogger.so, libmapbufferjni.so, libnative-filters.so, libnative-imagetranscoder.so, libpredictor_jni.so, libreact_codegen_rncore.so, libreact_config.so, libreact_debug.so, libreact_nativemodule_core.so, libreact_render_animations.so, libreact_render_attributedstring.so, libreact_render_componentregistry.so, libreact_render_core.so, libreact_render_debug.so, libreact_render_graphics.so, libreact_render_imagemanager.so, libreact_render_leakchecker.so, libreact_render_mapbuffer.so, libreact_render_mounting.so, libreact_render_runtimescheduler.so, libreact_render_scheduler.so, libreact_render_telemetry.so, libreact_render_templateprocessor.so, libreact_render_textlayoutmanager.so, libreact_render_uimanager.so, libreact_utils.so, libreactnativeblob.so, libreactnativejni.so, libreactperfloggerjni.so, librrc_image.so, librrc_root.so, librrc_text.so, librrc_unimplementedview.so, librrc_view.so, libruntimeexecutor.so, libstatic-webp.so, libtensorflowlite_jni.so, libturbomodulejsijni.so, libyoga.so.

> Task :app:processDebugManifest
> Task :app:processDebugManifestForPackage
> Task :app:mergeDebugResources
> Task :app:processDebugResources FAILED
gradlew.bat : 
At line:1 char:1
+ & ./gradlew.bat assembleDebug 2>&1 | Out-File 
-Encoding utf8 build_ou ...
+ ~~~~~~~~~~~~~~~~~~~~~~~~~~~~~~~~~~
    + CategoryInfo          : NotSpecified: (:Stri 
   ng) [], RemoteException
    + FullyQualifiedErrorId : NativeCommandError
 
FAILURE: Build failed with an exception.

* What went wrong:
Execution failed for task 
':app:processDebugResources'.
> A failure occurred while executing com.android.bu
ild.gradle.internal.res.LinkApplicationAndroidResou
rcesTask$TaskAction
   > Android resource linking failed
     ERROR: C:\Users\hjbhg\OneDrive\Desktop\project
s\Dart\android_projects\health-assistant\app\src\ma
in\AndroidManifest.xml:48:5-112:19: AAPT: error: 
resource style/Theme.HealthAssistant (aka 
com.healthassistant:style/Theme.HealthAssistant) 
not found.
         
     ERROR: C:\Users\hjbhg\OneDrive\Desktop\project
s\Dart\android_projects\health-assistant\app\src\ma
in\AndroidManifest.xml:62:9-75:20: AAPT: error: 
resource style/Theme.HealthAssistant (aka 
com.healthassistant:style/Theme.HealthAssistant) 
not found.
         

* Try:
> Run with --stacktrace option to get the stack 
trace.
> Run with --info or --debug option to get more 
log output.
> Run with --scan to get full insights.
> Get more help at https://help.gradle.org.

BUILD FAILED in 24s
26 actionable tasks: 9 executed, 17 up-to-date
Configuration cache entry reused.
