Starting a Gradle Daemon (subsequent builds will be faster)
Configuration on demand is an incubating feature.
Calculating task graph as configuration cache cannot be reused because file 'app\build.gradle' has changed.
> Task :app:preBuild UP-TO-DATE
> Task :app:preDebugBuild UP-TO-DATE
> Task :app:checkKotlinGradlePluginConfigurationErrors
> Task :app:mergeDebugNativeDebugMetadata NO-SOURCE
> Task :app:generateDebugResValues UP-TO-DATE
> Task :app:writeDebugAppMetadata UP-TO-DATE
> Task :app:createDebugCompatibleScreenManifests UP-TO-DATE
> Task :app:javaPreCompileDebug UP-TO-DATE
> Task :app:desugarDebugFileDependencies UP-TO-DATE
> Task :app:mergeDebugJniLibFolders UP-TO-DATE
> Task :app:mergeDebugShaders UP-TO-DATE
> Task :app:validateSigningDebug UP-TO-DATE
> Task :app:writeDebugSigningConfigVersions UP-TO-DATE
> Task :app:generateDebugResources UP-TO-DATE
> Task :app:extractDeepLinksDebug UP-TO-DATE
> Task :app:compileDebugShaders NO-SOURCE
> Task :app:generateDebugAssets UP-TO-DATE
> Task :app:packageDebugResources UP-TO-DATE
> Task :app:generateDebugBuildConfig
> Task :app:mergeDebugResources UP-TO-DATE
> Task :app:mergeDebugNativeLibs UP-TO-DATE
> Task :app:stripDebugDebugSymbols UP-TO-DATE
> Task :app:processDebugNavigationResources UP-TO-DATE
> Task :app:compileDebugNavigationResources UP-TO-DATE
> Task :app:mapDebugSourceSetPaths UP-TO-DATE
> Task :app:parseDebugLocalResources UP-TO-DATE
> Task :app:checkDebugAarMetadata UP-TO-DATE
> Task :app:mergeDebugAssets UP-TO-DATE
> Task :app:compressDebugAssets UP-TO-DATE
> Task :app:checkDebugDuplicateClasses UP-TO-DATE
> Task :app:mergeLibDexDebug UP-TO-DATE
> Task :app:processDebugMainManifest UP-TO-DATE
> Task :app:processDebugManifest UP-TO-DATE
> Task :app:processDebugManifestForPackage UP-TO-DATE
> Task :app:mergeExtDexDebug UP-TO-DATE
> Task :app:processDebugResources UP-TO-DATE
> Task :app:kaptGenerateStubsDebugKotlin
> Task :app:kaptDebugKotlin
> Task :app:compileDebugKotlin
w: file:///C:/Users/hjbhg/OneDrive/Desktop/projects/Dart/android_projects/health-assistant/app/src/main/java/com/healthassistant/export/HealthDataExporter.kt:286:23 Unnecessary safe call on a non-null receiver of type HealthMetrics?
w: file:///C:/Users/hjbhg/OneDrive/Desktop/projects/Dart/android_projects/health-assistant/app/src/main/java/com/healthassistant/export/HealthDataExporter.kt:382:53 Unnecessary safe call on a non-null receiver of type HealthMetrics?
w: file:///C:/Users/hjbhg/OneDrive/Desktop/projects/Dart/android_projects/health-assistant/app/src/main/java/com/healthassistant/viewmodels/TelehealthViewModel.kt:80:24 Parameter 'consultation' is never used
w: file:///C:/Users/hjbhg/OneDrive/Desktop/projects/Dart/android_projects/health-assistant/app/src/main/java/com/healthassistant/viewmodels/TelehealthViewModel.kt:80:52 Parameter 'userName' is never used
w: file:///C:/Users/hjbhg/OneDrive/Desktop/projects/Dart/android_projects/health-assistant/app/src/main/java/com/healthassistant/viewmodels/TelehealthViewModel.kt:94:24 Parameter 'consultation' is never used
w: file:///C:/Users/hjbhg/OneDrive/Desktop/projects/Dart/android_projects/health-assistant/app/src/main/java/com/healthassistant/viewmodels/TelehealthViewModel.kt:94:52 Parameter 'userName' is never used

> Task :app:compileDebugJavaWithJavac

> Task :app:hiltAggregateDepsDebug
WARNING: [Processor] Library 'C:\Users\hjbhg\.gradle\caches\8.13\transforms\a1117c3485ece7af3ba677a88050d74d\transformed\media-1.4.3-api.jar' contains references to both AndroidX and old support library. This seems like the library is partially migrated. Jetifier will try to rewrite the library anyway.
 Example of androidX reference: 'androidx/versionedparcelable/VersionedParcel'
 Example of support library reference: 'android/support/v4/media/AudioAttributesCompatParcelizer'
WARNING: [Processor] Library 'C:\Users\hjbhg\.gradle\caches\8.13\transforms\ac8cd5ee1fa7aadfe5d28ed3ffec1402\transformed\jetified-exoplayer-ui-2.17.1-api.jar' contains references to both AndroidX and old support library. This seems like the library is partially migrated. Jetifier will try to rewrite the library anyway.
 Example of androidX reference: 'androidx/core/app/NotificationCompat$Builder'
 Example of support library reference: 'android/support/v4/media/session/MediaSessionCompat$Token'
WARNING: [Processor] Library 'C:\Users\hjbhg\.gradle\caches\8.13\transforms\620824171b583f820b6265f3d5ae1c48\transformed\core-1.12.0-api.jar' contains references to both AndroidX and old support library. This seems like the library is partially migrated. Jetifier will try to rewrite the library anyway.
 Example of androidX reference: 'androidx/core/os/BuildCompat'
 Example of support library reference: 'android/support/v4/app/INotificationSideChannel$Default'

> Task :app:hiltJavaCompileDebug
> Task :app:processDebugJavaRes
> Task :app:transformDebugClassesWithAsm
> Task :app:dexBuilderDebug
> Task :app:mergeProjectDexDebug
> Task :app:mergeDebugJavaResource
> Task :app:packageDebug
> Task :app:assembleDebug
> Task :app:createDebugApkListingFileRedirect

[Incubating] Problems report is available at: file:///C:/Users/hjbhg/OneDrive/Desktop/projects/Dart/android_projects/health-assistant/build/reports/problems/problems-report.html

Deprecated Gradle features were used in this build, making it incompatible with Gradle 9.0.

You can use '--warning-mode all' to show the individual deprecation warnings and determine if they come from your own scripts or plugins.

For more on this, please refer to https://docs.gradle.org/8.13/userguide/command_line_interface.html#sec:command_line_warnings in the Gradle documentation.

BUILD SUCCESSFUL in 2m 59s
44 actionable tasks: 15 executed, 29 up-to-date
Configuration cache entry stored.
