Configuration on demand is an incubating feature.
Reusing configuration cache.
> Task :app:preBuild UP-TO-DATE
> Task :app:preDebugBuild UP-TO-DATE
> Task :app:mergeDebugNativeDebugMetadata NO-SOURCE
> Task :app:validateSigningDebug UP-TO-DATE
> Task :app:createDebugCompatibleScreenManifests UP-TO-DATE
> Task :app:desugarDebugFileDependencies UP-TO-DATE
> Task :app:writeDebugSigningConfigVersions UP-TO-DATE
> Task :app:checkDebugDuplicateClasses UP-TO-DATE
> Task :app:generateDebugResValues UP-TO-DATE
> Task :app:writeDebugAppMetadata UP-TO-DATE
> Task :app:javaPreCompileDebug UP-TO-DATE
> Task :app:generateDebugResources UP-TO-DATE
> Task :app:extractDeepLinksDebug UP-TO-DATE
> Task :app:checkDebugAarMetadata UP-TO-DATE
> Task :app:mergeDebugShaders UP-TO-DATE
> Task :app:mergeDebugJniLibFolders UP-TO-DATE
> Task :app:compileDebugShaders NO-SOURCE
> Task :app:generateDebugAssets UP-TO-DATE
> Task :app:mapDebugSourceSetPaths

> Task :app:packageDebugResources FAILED
gradlew.bat : ERROR: C:\Users\hjbhg\OneDrive\Deskto
p\projects\Dart\android_projects\health-assistant\a
pp\src\main\res\values\strings.xml: Resource and 
asset merger: Found item 
String/anomaly_detection_description more than one 
time
At line:1 char:1
+ & ./gradlew.bat assembleDebug 2>&1 | Out-File 
-Encoding utf8 build_ou ...
+ ~~~~~~~~~~~~~~~~~~~~~~~~~~~~~~~~~~
    + CategoryInfo          : NotSpecified: (ERROR 
   : C:\Users...e than one time:String) [], Remot  
  eException
    + FullyQualifiedErrorId : NativeCommandError
 

> Task :app:processDebugMainManifest
[org.tensorflow:tensorflow-lite:2.14.0] C:\Users\hjbhg\.gradle\caches\transforms-3\1723fd22d10b25eed0e932a08345fc55\transformed\jetified-tensorflow-lite-2.14.0\AndroidManifest.xml Warning:
	Namespace 'org.tensorflow.lite' is used in multiple modules and/or libraries: org.tensorflow:tensorflow-lite:2.14.0, org.tensorflow:tensorflow-lite-api:2.14.0. Please ensure that all modules and libraries have a unique namespace. For more information, See https://developer.android.com/studio/build/configure-app-module#set-namespace
[org.tensorflow:tensorflow-lite-support:0.4.4] C:\Users\hjbhg\.gradle\caches\transforms-3\e8c6951a621f019ca4a16a88e867a3a8\transformed\jetified-tensorflow-lite-support-0.4.4\AndroidManifest.xml Warning:
	Namespace 'org.tensorflow.lite.support' is used in multiple modules and/or libraries: org.tensorflow:tensorflow-lite-support:0.4.4, org.tensorflow:tensorflow-lite-support-api:0.4.4. Please ensure that all modules and libraries have a unique namespace. For more information, See https://developer.android.com/studio/build/configure-app-module#set-namespace

> Task :app:mergeLibDexDebug

> Task :app:mergeDebugResources
ERROR: C:\Users\hjbhg\OneDrive\Desktop\projects\Dar
t\android_projects\health-assistant\app\src\main\re
s\values\strings.xml: Resource and asset merger: 
Found item String/anomaly_detection_description 
more than one time

> Task :app:mergeDebugResources FAILED
> Task :app:mergeDebugNativeLibs
> Task :app:mergeExtDexDebug
> Task :app:mergeDebugAssets

20 actionable tasks: 8 executed, 12 up-to-date
FAILURE: Build completed with 2 failures.

1: Task failed with an exception.
-----------
* What went wrong:
Execution failed for task 
':app:packageDebugResources'.
> C:\Users\hjbhg\OneDrive\Desktop\projects\Dart\and
roid_projects\health-assistant\app\src\main\res\val
ues\strings.xml: Error: Found item 
String/anomaly_detection_description more than one 
time

* Try:
> Run with --stacktrace option to get the stack 
trace.
> Run with --info or --debug option to get more 
log output.
> Run with --scan to get full insights.
> Get more help at https://help.gradle.org.
===================================================
===========================

2: Task failed with an exception.
-----------
* What went wrong:
Execution failed for task 
':app:mergeDebugResources'.
> C:\Users\hjbhg\OneDrive\Desktop\projects\Dart\and
roid_projects\health-assistant\app\src\main\res\val
ues\strings.xml: Error: Found item 
String/anomaly_detection_description more than one 
time

* Try:
> Run with --stacktrace option to get the stack 
trace.
> Run with --info or --debug option to get more 
log output.
> Run with --scan to get full insights.
> Get more help at https://help.gradle.org.
===================================================
===========================

BUILD FAILED in 3m 23s
Configuration cache entry reused.
