Configuration on demand is an incubating feature.
Calculating task graph as configuration cache cannot be reused because file 'settings.gradle' has changed.
> Task :app:preBuild UP-TO-DATE
> Task :app:preDebugBuild UP-TO-DATE
> Task :app:mergeDebugNativeDebugMetadata NO-SOURCE
> Task :app:checkKotlinGradlePluginConfigurationErrors
> Task :app:desugarDebugFileDependencies
> Task :app:createDebugCompatibleScreenManifests
> Task :app:generateDebugResValues
> Task :app:writeDebugAppMetadata
> Task :app:generateDebugResources
> Task :app:generateDebugBuildConfig
> Task :app:writeDebugSigningConfigVersions
> Task :app:extractDeepLinksDebug
> Task :app:validateSigningDebug
> Task :app:packageDebugResources

> Task :app:mapDebugSourceSetPaths
WARNING: [Processor] Library 'C:\Users\hjbhg\.gradle\caches\modules-2\files-2.1\com.google.android.exoplayer\exoplayer-ui\2.17.1\71e595d092a210f88d9ed4143caa633e06eb7d88\exoplayer-ui-2.17.1.aar' contains references to both AndroidX and old support library. This seems like the library is partially migrated. Jetifier will try to rewrite the library anyway.
 Example of androidX reference: 'androidx/core/app/NotificationCompat$Builder'
 Example of support library reference: 'android/support/v4/media/session/MediaSessionCompat$Token'
WARNING: [Processor] Library 'C:\Users\hjbhg\.gradle\caches\modules-2\files-2.1\com.giphy.sdk\ui\2.1.16\ab255a53c814d50176b8502a93d780d87ab69897\ui-2.1.16.aar' contains references to both AndroidX and old support library. This seems like the library is partially migrated. Jetifier will try to rewrite the library anyway.
 Example of androidX reference: 'androidx/fragment/app/DialogFragment'
 Example of support library reference: 'android/support/annotation/VisibleForTesting'

> Task :app:mergeDebugShaders
> Task :app:compileDebugShaders NO-SOURCE
> Task :app:generateDebugAssets UP-TO-DATE
> Task :app:mergeDebugJniLibFolders
> Task :app:checkDebugAarMetadata
> Task :app:javaPreCompileDebug
> Task :app:processDebugNavigationResources
> Task :app:compileDebugNavigationResources
> Task :app:checkDebugDuplicateClasses
> Task :app:mergeDebugAssets

> Task :app:processDebugMainManifest
[org.tensorflow:tensorflow-lite:2.14.0] C:\Users\hjbhg\.gradle\caches\8.13\transforms\18e59d17f8a2be1a90733f019ffb62d9\transformed\jetified-tensorflow-lite-2.14.0\AndroidManifest.xml Warning:
	Namespace 'org.tensorflow.lite' is used in multiple modules and/or libraries: org.tensorflow:tensorflow-lite:2.14.0, org.tensorflow:tensorflow-lite-api:2.14.0. Please ensure that all modules and libraries have a unique namespace. For more information, See https://developer.android.com/studio/build/configure-app-module#set-namespace
[org.tensorflow:tensorflow-lite-support:0.4.4] C:\Users\hjbhg\.gradle\caches\8.13\transforms\2641b0d38b41eaff718bcf3db7c7fb0c\transformed\jetified-tensorflow-lite-support-0.4.4\AndroidManifest.xml Warning:
	Namespace 'org.tensorflow.lite.support' is used in multiple modules and/or libraries: org.tensorflow:tensorflow-lite-support:0.4.4, org.tensorflow:tensorflow-lite-support-api:0.4.4. Please ensure that all modules and libraries have a unique namespace. For more information, See https://developer.android.com/studio/build/configure-app-module#set-namespace

> Task :app:processDebugManifest
> Task :app:compressDebugAssets
> Task :app:parseDebugLocalResources
> Task :app:processDebugManifestForPackage
> Task :app:mergeDebugNativeLibs
> Task :app:mergeDebugResources
